# JRE version: OpenJDK Runtime Environment (8.0_202-b03) (build 1.8.0_202-release-1483-b03)
# Java VM: OpenJDK 64-Bit Server VM (25.202-b03 mixed mode windows-amd64 compressed oops)
Heap:
 PSYoungGen      total 428544K, used 277427K [0x00000000e0000000, 0x00000000fee80000, 0x0000000100000000)
  eden space 371200K, 66% used [0x00000000e0000000,0x00000000eefb8828,0x00000000f6a80000)
  from space 57344K, 55% used [0x00000000f6a80000,0x00000000f89b4778,0x00000000fa280000)
  to   space 56320K, 0% used [0x00000000fb780000,0x00000000fb780000,0x00000000fee80000)
 ParOldGen       total 218112K, used 98076K [0x00000000a0000000, 0x00000000ad500000, 0x00000000e0000000)
  object space 218112K, 44% used [0x00000000a0000000,0x00000000a5fc7228,0x00000000ad500000)
 Metaspace       used 115096K, capacity 123354K, committed 123584K, reserved 1157120K
  class space    used 14780K, capacity 16262K, committed 16320K, reserved 1048576K
GC Heap History (10 events):
Event: 1229.548 GC heap before
{Heap before GC invocations=19 (full 4):
 PSYoungGen      total 347136K, used 330443K [0x00000000e0000000, 0x00000000f7c00000, 0x0000000100000000)
  eden space 308736K, 100% used [0x00000000e0000000,0x00000000f2d80000,0x00000000f2d80000)
  from space 38400K, 56% used [0x00000000f5280000,0x00000000f67b2e80,0x00000000f7800000)
  to   space 37888K, 0% used [0x00000000f2d80000,0x00000000f2d80000,0x00000000f5280000)
 ParOldGen       total 218112K, used 61992K [0x00000000a0000000, 0x00000000ad500000, 0x00000000e0000000)
  object space 218112K, 28% used [0x00000000a0000000,0x00000000a3c8a2f0,0x00000000ad500000)
 Metaspace       used 100838K, capacity 105140K, committed 105280K, reserved 1140736K
  class space    used 12983K, capacity 13855K, committed 13888K, reserved 1048576K
Event: 1229.562 GC heap after
Heap after GC invocations=19 (full 4):
 PSYoungGen      total 346624K, used 26672K [0x00000000e0000000, 0x00000000fa400000, 0x0000000100000000)
  eden space 308736K, 0% used [0x00000000e0000000,0x00000000e0000000,0x00000000f2d80000)
  from space 37888K, 70% used [0x00000000f2d80000,0x00000000f478c0a0,0x00000000f5280000)
  to   space 38912K, 0% used [0x00000000f7e00000,0x00000000f7e00000,0x00000000fa400000)
 ParOldGen       total 218112K, used 62000K [0x00000000a0000000, 0x00000000ad500000, 0x00000000e0000000)
  object space 218112K, 28% used [0x00000000a0000000,0x00000000a3c8c2f0,0x00000000ad500000)
 Metaspace       used 100838K, capacity 105140K, committed 105280K, reserved 1140736K
  class space    used 12983K, capacity 13855K, committed 13888K, reserved 1048576K
}
Event: 1242.160 GC heap before
{Heap before GC invocations=20 (full 4):
 PSYoungGen      total 346624K, used 335408K [0x00000000e0000000, 0x00000000fa400000, 0x0000000100000000)
  eden space 308736K, 100% used [0x00000000e0000000,0x00000000f2d80000,0x00000000f2d80000)
  from space 37888K, 70% used [0x00000000f2d80000,0x00000000f478c0a0,0x00000000f5280000)
  to   space 38912K, 0% used [0x00000000f7e00000,0x00000000f7e00000,0x00000000fa400000)
 ParOldGen       total 218112K, used 62000K [0x00000000a0000000, 0x00000000ad500000, 0x00000000e0000000)
  object space 218112K, 28% used [0x00000000a0000000,0x00000000a3c8c2f0,0x00000000ad500000)
 Metaspace       used 102550K, capacity 107288K, committed 107328K, reserved 1142784K
  class space    used 13196K, capacity 14111K, committed 14144K, reserved 1048576K
Event: 1242.272 GC heap after
Heap after GC invocations=20 (full 4):
 PSYoungGen      total 384000K, used 38882K [0x00000000e0000000, 0x00000000fb680000, 0x0000000100000000)
  eden space 345088K, 0% used [0x00000000e0000000,0x00000000e0000000,0x00000000f5100000)
  from space 38912K, 99% used [0x00000000f7e00000,0x00000000fa3f8bd8,0x00000000fa400000)
  to   space 46080K, 0% used [0x00000000f5100000,0x00000000f5100000,0x00000000f7e00000)
 ParOldGen       total 218112K, used 66520K [0x00000000a0000000, 0x00000000ad500000, 0x00000000e0000000)
  object space 218112K, 30% used [0x00000000a0000000,0x00000000a40f6018,0x00000000ad500000)
 Metaspace       used 102550K, capacity 107288K, committed 107328K, reserved 1142784K
  class space    used 13196K, capacity 14111K, committed 14144K, reserved 1048576K
}
Event: 1642.228 GC heap before
{Heap before GC invocations=21 (full 4):
 PSYoungGen      total 384000K, used 383970K [0x00000000e0000000, 0x00000000fb680000, 0x0000000100000000)
  eden space 345088K, 100% used [0x00000000e0000000,0x00000000f5100000,0x00000000f5100000)
  from space 38912K, 99% used [0x00000000f7e00000,0x00000000fa3f8bd8,0x00000000fa400000)
  to   space 46080K, 0% used [0x00000000f5100000,0x00000000f5100000,0x00000000f7e00000)
 ParOldGen       total 218112K, used 66520K [0x00000000a0000000, 0x00000000ad500000, 0x00000000e0000000)
  object space 218112K, 30% used [0x00000000a0000000,0x00000000a40f6018,0x00000000ad500000)
 Metaspace       used 107054K, capacity 113150K, committed 113216K, reserved 1146880K
  class space    used 13780K, capacity 14897K, committed 14912K, reserved 1048576K
Event: 1642.282 GC heap after
Heap after GC invocations=21 (full 4):
 PSYoungGen      total 391168K, used 46053K [0x00000000e0000000, 0x00000000fdd80000, 0x0000000100000000)
  eden space 345088K, 0% used [0x00000000e0000000,0x00000000e0000000,0x00000000f5100000)
  from space 46080K, 99% used [0x00000000f5100000,0x00000000f7df96a0,0x00000000f7e00000)
  to   space 57344K, 0% used [0x00000000fa580000,0x00000000fa580000,0x00000000fdd80000)
 ParOldGen       total 218112K, used 79213K [0x00000000a0000000, 0x00000000ad500000, 0x00000000e0000000)
  object space 218112K, 36% used [0x00000000a0000000,0x00000000a4d5b7d0,0x00000000ad500000)
 Metaspace       used 107054K, capacity 113150K, committed 113216K, reserved 1146880K
  class space    used 13780K, capacity 14897K, committed 14912K, reserved 1048576K
}
Event: 1690.072 GC heap before
{Heap before GC invocations=22 (full 4):
 PSYoungGen      total 391168K, used 391141K [0x00000000e0000000, 0x00000000fdd80000, 0x0000000100000000)
  eden space 345088K, 100% used [0x00000000e0000000,0x00000000f5100000,0x00000000f5100000)
  from space 46080K, 99% used [0x00000000f5100000,0x00000000f7df96a0,0x00000000f7e00000)
  to   space 57344K, 0% used [0x00000000fa580000,0x00000000fa580000,0x00000000fdd80000)
 ParOldGen       total 218112K, used 79213K [0x00000000a0000000, 0x00000000ad500000, 0x00000000e0000000)
  object space 218112K, 36% used [0x00000000a0000000,0x00000000a4d5b7d0,0x00000000ad500000)
 Metaspace       used 110633K, capacity 117646K, committed 117952K, reserved 1150976K
  class space    used 14239K, capacity 15481K, committed 15552K, reserved 1048576K
Event: 1690.187 GC heap after
Heap after GC invocations=22 (full 4):
 PSYoungGen      total 425472K, used 33132K [0x00000000e0000000, 0x00000000fda80000, 0x0000000100000000)
  eden space 371200K, 0% used [0x00000000e0000000,0x00000000e0000000,0x00000000f6a80000)
  from space 54272K, 61% used [0x00000000fa580000,0x00000000fc5db108,0x00000000fda80000)
  to   space 57344K, 0% used [0x00000000f6a80000,0x00000000f6a80000,0x00000000fa280000)
 ParOldGen       total 218112K, used 98068K [0x00000000a0000000, 0x00000000ad500000, 0x00000000e0000000)
  object space 218112K, 44% used [0x00000000a0000000,0x00000000a5fc5228,0x00000000ad500000)
 Metaspace       used 110633K, capacity 117646K, committed 117952K, reserved 1150976K
  class space    used 14239K, capacity 15481K, committed 15552K, reserved 1048576K
}
Event: 1870.880 GC heap before
{Heap before GC invocations=23 (full 4):
 PSYoungGen      total 425472K, used 404332K [0x00000000e0000000, 0x00000000fda80000, 0x0000000100000000)
  eden space 371200K, 100% used [0x00000000e0000000,0x00000000f6a80000,0x00000000f6a80000)
  from space 54272K, 61% used [0x00000000fa580000,0x00000000fc5db108,0x00000000fda80000)
  to   space 57344K, 0% used [0x00000000f6a80000,0x00000000f6a80000,0x00000000fa280000)
 ParOldGen       total 218112K, used 98068K [0x00000000a0000000, 0x00000000ad500000, 0x00000000e0000000)
  object space 218112K, 44% used [0x00000000a0000000,0x00000000a5fc5228,0x00000000ad500000)
 Metaspace       used 113218K, capacity 121378K, committed 121536K, reserved 1155072K
  class space    used 14589K, capacity 15980K, committed 16064K, reserved 1048576K
Event: 1871.006 GC heap after
Heap after GC invocations=23 (full 4):
 PSYoungGen      total 428544K, used 31953K [0x00000000e0000000, 0x00000000fee80000, 0x0000000100000000)
  eden space 371200K, 0% used [0x00000000e0000000,0x00000000e0000000,0x00000000f6a80000)
  from space 57344K, 55% used [0x00000000f6a80000,0x00000000f89b4778,0x00000000fa280000)
  to   space 56320K, 0% used [0x00000000fb780000,0x00000000fb780000,0x00000000fee80000)
 ParOldGen       total 218112K, used 98076K [0x00000000a0000000, 0x00000000ad500000, 0x00000000e0000000)
  object space 218112K, 44% used [0x00000000a0000000,0x00000000a5fc7228,0x00000000ad500000)
 Metaspace       used 113218K, capacity 121378K, committed 121536K, reserved 1155072K
  class space    used 14589K, capacity 15980K, committed 16064K, reserved 1048576K
}

